{"C:\\Users\\Sean Dawson\\Development\\leiningen-semantic-release\\src\\lein.ts": {"path":"C:\\Users\\Sean Dawson\\Development\\leiningen-semantic-release\\src\\lein.ts","statementMap":{"0":{"start":{"line":3,"column":0},"end":{"line":3,"column":30}},"1":{"start":{"line":9,"column":20},"end":{"line":9,"column":38}},"2":{"start":{"line":9,"column":32},"end":{"line":9,"column":38}},"3":{"start":{"line":11,"column":13},"end":{"line":22,"column":2}},"4":{"start":{"line":15,"column":2},"end":{"line":17,"column":null}},"5":{"start":{"line":16,"column":4},"end":{"line":16,"column":56}},"6":{"start":{"line":18,"column":18},"end":{"line":18,"column":37}},"7":{"start":{"line":19,"column":2},"end":{"line":19,"column":59}},"8":{"start":{"line":20,"column":18},"end":{"line":20,"column":37}},"9":{"start":{"line":21,"column":2},"end":{"line":21,"column":78}},"10":{"start":{"line":24,"column":13},"end":{"line":35,"column":2}},"11":{"start":{"line":28,"column":2},"end":{"line":30,"column":null}},"12":{"start":{"line":29,"column":4},"end":{"line":29,"column":56}},"13":{"start":{"line":31,"column":18},"end":{"line":31,"column":37}},"14":{"start":{"line":32,"column":2},"end":{"line":32,"column":61}},"15":{"start":{"line":33,"column":18},"end":{"line":33,"column":37}},"16":{"start":{"line":34,"column":2},"end":{"line":34,"column":44}},"17":{"start":{"line":37,"column":13},"end":{"line":57,"column":2}},"18":{"start":{"line":41,"column":2},"end":{"line":41,"column":63}},"19":{"start":{"line":42,"column":18},"end":{"line":42,"column":37}},"20":{"start":{"line":43,"column":2},"end":{"line":56,"column":4}},"21":{"start":{"line":59,"column":13},"end":{"line":66,"column":2}},"22":{"start":{"line":63,"column":2},"end":{"line":63,"column":41}},"23":{"start":{"line":64,"column":18},"end":{"line":64,"column":37}},"24":{"start":{"line":65,"column":2},"end":{"line":65,"column":63}}},"fnMap":{"0":{"name":"(anonymous_0)","decl":{"start":{"line":9,"column":20},"end":{"line":9,"column":25}},"loc":{"start":{"line":9,"column":32},"end":{"line":9,"column":38}}},"1":{"name":"(anonymous_1)","decl":{"start":{"line":11,"column":42},"end":{"line":11,"column":47}},"loc":{"start":{"line":14,"column":4},"end":{"line":22,"column":1}}},"2":{"name":"(anonymous_2)","decl":{"start":{"line":24,"column":22},"end":{"line":24,"column":27}},"loc":{"start":{"line":27,"column":4},"end":{"line":35,"column":1}}},"3":{"name":"(anonymous_3)","decl":{"start":{"line":37,"column":26},"end":{"line":37,"column":31}},"loc":{"start":{"line":40,"column":4},"end":{"line":57,"column":1}}},"4":{"name":"(anonymous_4)","decl":{"start":{"line":59,"column":27},"end":{"line":59,"column":32}},"loc":{"start":{"line":62,"column":4},"end":{"line":66,"column":1}}}},"branchMap":{"0":{"loc":{"start":{"line":15,"column":2},"end":{"line":17,"column":null}},"type":"if","locations":[{"start":{"line":15,"column":2},"end":{"line":17,"column":null}},{"start":{"line":15,"column":2},"end":{"line":17,"column":null}}]},"1":{"loc":{"start":{"line":28,"column":2},"end":{"line":30,"column":null}},"type":"if","locations":[{"start":{"line":28,"column":2},"end":{"line":30,"column":null}},{"start":{"line":28,"column":2},"end":{"line":30,"column":null}}]},"2":{"loc":{"start":{"line":65,"column":34},"end":{"line":65,"column":43}},"type":"cond-expr","locations":[{"start":{"line":65,"column":34},"end":{"line":65,"column":43}},{"start":{"line":65,"column":46},"end":{"line":65,"column":51}}]}},"s":{"0":1,"1":1,"2":8,"3":1,"4":3,"5":1,"6":2,"7":2,"8":2,"9":2,"10":1,"11":3,"12":1,"13":2,"14":2,"15":2,"16":2,"17":1,"18":2,"19":2,"20":2,"21":1,"22":2,"23":2,"24":2},"f":{"0":8,"1":3,"2":3,"3":2,"4":2},"b":{"0":[1,2],"1":[1,2],"2":[1,1]}}
,"C:\\Users\\Sean Dawson\\Development\\leiningen-semantic-release\\src\\prepare.ts": {"path":"C:\\Users\\Sean Dawson\\Development\\leiningen-semantic-release\\src\\prepare.ts","statementMap":{"0":{"start":{"line":2,"column":0},"end":{"line":2,"column":65}},"1":{"start":{"line":4,"column":0},"end":{"line":4,"column":38}},"2":{"start":{"line":6,"column":13},"end":{"line":15,"column":2}},"3":{"start":{"line":10,"column":2},"end":{"line":10,"column":24}},"4":{"start":{"line":13,"column":2},"end":{"line":13,"column":52}},"5":{"start":{"line":14,"column":2},"end":{"line":14,"column":37}}},"fnMap":{"0":{"name":"(anonymous_0)","decl":{"start":{"line":6,"column":39},"end":{"line":6,"column":44}},"loc":{"start":{"line":9,"column":4},"end":{"line":15,"column":1}}}},"branchMap":{},"s":{"0":1,"1":1,"2":1,"3":1,"4":1,"5":1},"f":{"0":1},"b":{}}
,"C:\\Users\\Sean Dawson\\Development\\leiningen-semantic-release\\src\\publish.ts": {"path":"C:\\Users\\Sean Dawson\\Development\\leiningen-semantic-release\\src\\publish.ts","statementMap":{"0":{"start":{"line":2,"column":0},"end":{"line":2,"column":32}},"1":{"start":{"line":4,"column":0},"end":{"line":4,"column":38}},"2":{"start":{"line":6,"column":13},"end":{"line":16,"column":2}},"3":{"start":{"line":10,"column":2},"end":{"line":10,"column":24}},"4":{"start":{"line":12,"column":2},"end":{"line":15,"column":null}},"5":{"start":{"line":14,"column":4},"end":{"line":14,"column":34}}},"fnMap":{"0":{"name":"(anonymous_0)","decl":{"start":{"line":6,"column":39},"end":{"line":6,"column":44}},"loc":{"start":{"line":9,"column":4},"end":{"line":16,"column":1}}}},"branchMap":{"0":{"loc":{"start":{"line":12,"column":2},"end":{"line":15,"column":null}},"type":"if","locations":[{"start":{"line":12,"column":2},"end":{"line":15,"column":null}},{"start":{"line":12,"column":2},"end":{"line":15,"column":null}}]}},"s":{"0":1,"1":1,"2":1,"3":2,"4":2,"5":1},"f":{"0":2},"b":{"0":[1,1]}}
,"C:\\Users\\Sean Dawson\\Development\\leiningen-semantic-release\\src\\types.ts": {"path":"C:\\Users\\Sean Dawson\\Development\\leiningen-semantic-release\\src\\types.ts","statementMap":{"0":{"start":{"line":1,"column":0},"end":{"line":1,"column":42}},"1":{"start":{"line":2,"column":0},"end":{"line":2,"column":31}},"2":{"start":{"line":3,"column":0},"end":{"line":3,"column":27}},"3":{"start":{"line":6,"column":27},"end":{"line":31,"column":null}},"4":{"start":{"line":10,"column":4},"end":{"line":30,"column":6}},"5":{"start":{"line":11,"column":6},"end":{"line":29,"column":null}},"6":{"start":{"line":12,"column":8},"end":{"line":14,"column":63}},"7":{"start":{"line":17,"column":8},"end":{"line":19,"column":null}},"8":{"start":{"line":18,"column":10},"end":{"line":18,"column":48}},"9":{"start":{"line":20,"column":32},"end":{"line":20,"column":77}},"10":{"start":{"line":23,"column":8},"end":{"line":25,"column":null}},"11":{"start":{"line":24,"column":10},"end":{"line":24,"column":61}},"12":{"start":{"line":28,"column":8},"end":{"line":28,"column":20}},"13":{"start":{"line":36,"column":13},"end":{"line":40,"column":3}}},"fnMap":{"0":{"name":"(anonymous_1)","decl":{"start":{"line":9,"column":2},"end":{"line":9,"column":3}},"loc":{"start":{"line":10,"column":4},"end":{"line":30,"column":6}}},"1":{"name":"(anonymous_2)","decl":{"start":{"line":10,"column":42},"end":{"line":10,"column":43}},"loc":{"start":{"line":10,"column":46},"end":{"line":30,"column":5}}}},"branchMap":{"0":{"loc":{"start":{"line":13,"column":12},"end":{"line":13,"column":24}},"type":"cond-expr","locations":[{"start":{"line":13,"column":12},"end":{"line":13,"column":24}},{"start":{"line":14,"column":12},"end":{"line":14,"column":62}}]},"1":{"loc":{"start":{"line":17,"column":8},"end":{"line":19,"column":null}},"type":"if","locations":[{"start":{"line":17,"column":8},"end":{"line":19,"column":null}},{"start":{"line":17,"column":8},"end":{"line":19,"column":null}}]},"2":{"loc":{"start":{"line":23,"column":8},"end":{"line":25,"column":null}},"type":"if","locations":[{"start":{"line":23,"column":8},"end":{"line":25,"column":null}},{"start":{"line":23,"column":8},"end":{"line":25,"column":null}}]}},"s":{"0":1,"1":1,"2":1,"3":1,"4":19,"5":5,"6":5,"7":1,"8":0,"9":1,"10":1,"11":1,"12":0,"13":1},"f":{"0":19,"1":5},"b":{"0":[3,1],"1":[0,1],"2":[1,0]}}
,"C:\\Users\\Sean Dawson\\Development\\leiningen-semantic-release\\src\\util.ts": {"path":"C:\\Users\\Sean Dawson\\Development\\leiningen-semantic-release\\src\\util.ts","statementMap":{"0":{"start":{"line":1,"column":0},"end":{"line":1,"column":26}},"1":{"start":{"line":3,"column":0},"end":{"line":3,"column":39}},"2":{"start":{"line":8,"column":13},"end":{"line":21,"column":2}},"3":{"start":{"line":13,"column":23},"end":{"line":13,"column":49}},"4":{"start":{"line":14,"column":2},"end":{"line":16,"column":null}},"5":{"start":{"line":15,"column":4},"end":{"line":15,"column":45}},"6":{"start":{"line":17,"column":2},"end":{"line":19,"column":null}},"7":{"start":{"line":18,"column":4},"end":{"line":18,"column":45}},"8":{"start":{"line":20,"column":2},"end":{"line":20,"column":51}},"9":{"start":{"line":20,"column":43},"end":{"line":20,"column":49}},"10":{"start":{"line":23,"column":13},"end":{"line":25,"column":2}},"11":{"start":{"line":24,"column":2},"end":{"line":24,"column":59}}},"fnMap":{"0":{"name":"(anonymous_2)","decl":{"start":{"line":8,"column":20},"end":{"line":8,"column":25}},"loc":{"start":{"line":12,"column":4},"end":{"line":21,"column":1}}},"1":{"name":"(anonymous_3)","decl":{"start":{"line":20,"column":27},"end":{"line":20,"column":28}},"loc":{"start":{"line":20,"column":43},"end":{"line":20,"column":49}}},"2":{"name":"(anonymous_4)","decl":{"start":{"line":23,"column":28},"end":{"line":23,"column":29}},"loc":{"start":{"line":23,"column":52},"end":{"line":25,"column":1}}}},"branchMap":{"0":{"loc":{"start":{"line":14,"column":2},"end":{"line":16,"column":null}},"type":"if","locations":[{"start":{"line":14,"column":2},"end":{"line":16,"column":null}},{"start":{"line":14,"column":2},"end":{"line":16,"column":null}}]},"1":{"loc":{"start":{"line":17,"column":2},"end":{"line":19,"column":null}},"type":"if","locations":[{"start":{"line":17,"column":2},"end":{"line":19,"column":null}},{"start":{"line":17,"column":2},"end":{"line":19,"column":null}}]}},"s":{"0":1,"1":1,"2":1,"3":5,"4":5,"5":5,"6":5,"7":5,"8":5,"9":4,"10":1,"11":1},"f":{"0":5,"1":4,"2":1},"b":{"0":[5,0],"1":[5,0]}}
,"C:\\Users\\Sean Dawson\\Development\\leiningen-semantic-release\\src\\verify-conditions.ts": {"path":"C:\\Users\\Sean Dawson\\Development\\leiningen-semantic-release\\src\\verify-conditions.ts","statementMap":{"0":{"start":{"line":2,"column":0},"end":{"line":2,"column":36}},"1":{"start":{"line":4,"column":0},"end":{"line":4,"column":38}},"2":{"start":{"line":9,"column":13},"end":{"line":16,"column":2}},"3":{"start":{"line":13,"column":2},"end":{"line":13,"column":24}},"4":{"start":{"line":15,"column":2},"end":{"line":15,"column":36}}},"fnMap":{"0":{"name":"(anonymous_0)","decl":{"start":{"line":9,"column":48},"end":{"line":9,"column":53}},"loc":{"start":{"line":12,"column":4},"end":{"line":16,"column":1}}}},"branchMap":{},"s":{"0":1,"1":1,"2":1,"3":1,"4":1},"f":{"0":1},"b":{}}
,"C:\\Users\\Sean Dawson\\Development\\leiningen-semantic-release\\src\\declarations\\semantic-release__error.d.ts": {"path":"C:\\Users\\Sean Dawson\\Development\\leiningen-semantic-release\\src\\declarations\\semantic-release__error.d.ts","statementMap":{},"fnMap":{},"branchMap":{},"s":{},"f":{},"b":{},"hash":"5dc6d9fd3c99dda97c79bf25ac8375bd094ac998"}
}
