TN:
SF:C:\Users\Sean Dawson\Development\leiningen-semantic-release\src\lein.ts
FN:9,(anonymous_0)
FN:11,(anonymous_1)
FN:24,(anonymous_2)
FN:37,(anonymous_3)
FN:59,(anonymous_4)
FNF:5
FNH:5
FNDA:8,(anonymous_0)
FNDA:3,(anonymous_1)
FNDA:3,(anonymous_2)
FNDA:2,(anonymous_3)
FNDA:2,(anonymous_4)
DA:3,1
DA:9,8
DA:11,1
DA:15,3
DA:16,1
DA:18,2
DA:19,2
DA:20,2
DA:21,2
DA:24,1
DA:28,3
DA:29,1
DA:31,2
DA:32,2
DA:33,2
DA:34,2
DA:37,1
DA:41,2
DA:42,2
DA:43,2
DA:59,1
DA:63,2
DA:64,2
DA:65,2
LF:24
LH:24
BRDA:15,0,0,1
BRDA:15,0,1,2
BRDA:28,1,0,1
BRDA:28,1,1,2
BRDA:65,2,0,1
BRDA:65,2,1,1
BRF:6
BRH:6
end_of_record
TN:
SF:C:\Users\Sean Dawson\Development\leiningen-semantic-release\src\prepare.ts
FN:6,(anonymous_0)
FNF:1
FNH:1
FNDA:1,(anonymous_0)
DA:2,1
DA:4,1
DA:6,1
DA:10,1
DA:13,1
DA:14,1
LF:6
LH:6
BRF:0
BRH:0
end_of_record
TN:
SF:C:\Users\Sean Dawson\Development\leiningen-semantic-release\src\publish.ts
FN:6,(anonymous_0)
FNF:1
FNH:1
FNDA:2,(anonymous_0)
DA:2,1
DA:4,1
DA:6,1
DA:10,2
DA:12,2
DA:14,1
LF:6
LH:6
BRDA:12,0,0,1
BRDA:12,0,1,1
BRF:2
BRH:2
end_of_record
TN:
SF:C:\Users\Sean Dawson\Development\leiningen-semantic-release\src\types.ts
FN:9,(anonymous_1)
FN:10,(anonymous_2)
FNF:2
FNH:2
FNDA:19,(anonymous_1)
FNDA:5,(anonymous_2)
DA:1,1
DA:2,1
DA:3,1
DA:6,1
DA:10,19
DA:11,5
DA:12,5
DA:17,1
DA:18,0
DA:20,1
DA:23,1
DA:24,1
DA:28,0
DA:36,1
LF:14
LH:12
BRDA:13,0,0,3
BRDA:13,0,1,1
BRDA:17,1,0,0
BRDA:17,1,1,1
BRDA:23,2,0,1
BRDA:23,2,1,0
BRF:6
BRH:4
end_of_record
TN:
SF:C:\Users\Sean Dawson\Development\leiningen-semantic-release\src\util.ts
FN:8,(anonymous_2)
FN:20,(anonymous_3)
FN:23,(anonymous_4)
FNF:3
FNH:3
FNDA:5,(anonymous_2)
FNDA:4,(anonymous_3)
FNDA:1,(anonymous_4)
DA:1,1
DA:3,1
DA:8,1
DA:13,5
DA:14,5
DA:15,5
DA:17,5
DA:18,5
DA:20,5
DA:23,1
DA:24,1
LF:11
LH:11
BRDA:14,0,0,5
BRDA:14,0,1,0
BRDA:17,1,0,5
BRDA:17,1,1,0
BRF:4
BRH:2
end_of_record
TN:
SF:C:\Users\Sean Dawson\Development\leiningen-semantic-release\src\verify-conditions.ts
FN:9,(anonymous_0)
FNF:1
FNH:1
FNDA:1,(anonymous_0)
DA:2,1
DA:4,1
DA:9,1
DA:13,1
DA:15,1
LF:5
LH:5
BRF:0
BRH:0
end_of_record
TN:
SF:C:\Users\Sean Dawson\Development\leiningen-semantic-release\src\declarations\semantic-release__error.d.ts
FNF:0
FNH:0
LF:0
LH:0
BRF:0
BRH:0
end_of_record
